<?xml version="1.0" encoding="UTF-8"?>
<!-- Generated by org.testng.reporters.JUnitXMLReporter -->
<testsuite hostname="DESKTOP-UAHKPAS" name="Test" tests="3" failures="0" timestamp="17 Jan 2019 08:30:48 GMT" time="18.535" errors="0">
  <testcase name="NavigateHN" time="9.57" classname="Login.AT03_NavigateToCreateAnAccount"/>
  <testcase name="NavLoginToMyAcc" time="2.629" classname="Login.AT03_NavigateToCreateAnAccount"/>
  <testcase name="NavCreAcc" time="6.298" classname="Login.AT03_NavigateToCreateAnAccount"/>
</testsuite> <!-- Test -->
